2021-11-22 22:39:52,284  INFO [main] BigSmall:48 - Browser opened succcessfully
2021-11-22 22:39:54,692  INFO [main] BigSmall:61 -  entered
2021-11-22 22:39:54,844  INFO [main] BigSmall:64 -  entered
2021-11-22 22:39:56,863  INFO [main] BigSmall:66 - clicked on submit button
2021-11-22 22:40:03,877  INFO [main] BigSmall:61 - simon@123 entered
2021-11-22 22:40:04,002  INFO [main] BigSmall:64 - abcd entered
2021-11-22 22:40:06,039  INFO [main] BigSmall:66 - clicked on submit button
2021-11-22 22:40:12,844  INFO [main] BigSmall:61 - JackNJill@gmail.com entered
2021-11-22 22:40:13,002  INFO [main] BigSmall:64 - JackNJill@123 entered
2021-11-22 22:40:13,106  INFO [main] BigSmall:66 - clicked on submit button
2021-11-22 22:40:30,556  INFO [main] BigSmall:90 - Diaries displayed Successfully
2021-11-22 22:40:30,708  INFO [main] BigSmall:93 - Succesffully verified product are displayed
2021-11-22 22:40:33,418  INFO [main] BigSmall:101 - Successfully navigated to Christmas gifts
2021-11-22 22:40:45,307  INFO [main] BigSmall:106 - Added product to the cart
2021-11-22 22:40:58,322  INFO [main] BigSmall:113 - Proceeeded to checkout and returned to cart
2021-11-22 22:41:19,531  INFO [main] BigSmall:137 - Navigated to All of it Page
2021-11-22 22:41:19,585  INFO [main] BigSmall:140 - Verified Auto Rickshaw Pen Stand
2021-11-22 22:41:25,160  INFO [main] BigSmall:148 - Navigated to Wishlist Page 
2021-11-22 22:41:27,358  INFO [main] BigSmall:154 - Products are displayed in Wishlist
2021-11-22 22:41:30,085  INFO [main] BigSmall:161 - Navigated to About Us Page
2021-11-22 22:41:30,116  INFO [main] BigSmall:164 - Verified title of About Us Page
2021-11-22 22:41:32,617  INFO [main] BigSmall:171 - Navigated to Gift Cards Page
2021-11-22 22:41:34,809  INFO [main] BigSmall:174 - Added Gift Card to cart
2021-11-22 22:41:34,900  INFO [main] BigSmall:177 - Cart Verified Successfully 
2021-11-22 22:41:37,766  INFO [main] BigSmall:193 - Title verified successfully 
